<?xml version="1.0" encoding="UTF-8"?>
<!-- Generated by org.testng.reporters.JUnitReportReporter -->
<testsuite skipped="0" hostname="Jashandeep" name="com.aptence.qa.testcases.HomePageTest" tests="2" failures="0" timestamp="14 Nov 2019 16:53:02 GMT" time="67.950" errors="0">
  <testcase name="verifyChallengeSubject" time="34.725" classname="com.aptence.qa.testcases.HomePageTest"/>
  <testcase name="verifyChallengeTopic" time="33.225" classname="com.aptence.qa.testcases.HomePageTest"/>
</testsuite> <!-- com.aptence.qa.testcases.HomePageTest -->
