<?xml version="1.0" encoding="UTF-8"?>
<!-- Generated by org.testng.reporters.JUnitReportReporter -->
<testsuite skipped="0" hostname="Jashandeep" name="com.aptence.qa.testcases.ChallengePageTest" tests="2" failures="0" timestamp="19 Nov 2019 03:07:29 GMT" time="54.024" errors="0">
  <testcase name="challengeAttempt" time="29.902" classname="com.aptence.qa.testcases.ChallengePageTest"/>
  <testcase name="challengeScore" time="24.122" classname="com.aptence.qa.testcases.ChallengePageTest"/>
</testsuite> <!-- com.aptence.qa.testcases.ChallengePageTest -->
