<?xml version="1.0" encoding="UTF-8"?>
<!-- Generated by org.testng.reporters.JUnitReportReporter -->
<testsuite skipped="0" hostname="Jashandeep" name="com.aptence.qa.testcases.LoginPageTest" tests="7" failures="0" timestamp="29 Oct 2019 15:31:38 GMT" time="114.484" errors="0">
  <testcase name="loginTest" time="15.219" classname="com.aptence.qa.testcases.LoginPageTest"/>
  <testcase name="loginTest" time="15.931" classname="com.aptence.qa.testcases.LoginPageTest"/>
  <testcase name="loginTest" time="15.179" classname="com.aptence.qa.testcases.LoginPageTest"/>
  <testcase name="loginPageTitleTest" time="16.493" classname="com.aptence.qa.testcases.LoginPageTest"/>
  <testcase name="loginPageLogoTest" time="17.190" classname="com.aptence.qa.testcases.LoginPageTest"/>
  <testcase name="loginPagePopUpTest" time="16.194" classname="com.aptence.qa.testcases.LoginPageTest"/>
  <testcase name="loginPageLoginFormTest" time="18.278" classname="com.aptence.qa.testcases.LoginPageTest"/>
</testsuite> <!-- com.aptence.qa.testcases.LoginPageTest -->
