<?xml version="1.0" encoding="UTF-8"?>
<!-- Generated by org.testng.reporters.JUnitReportReporter -->
<testsuite skipped="0" hostname="Jashandeep" name="com.aptence.qa.testcases.LoginPageTest" tests="1" failures="0" timestamp="29 Oct 2019 09:59:48 GMT" time="16.072" errors="0">
  <testcase name="loginPageLoginFormTest" time="16.072" classname="com.aptence.qa.testcases.LoginPageTest"/>
</testsuite> <!-- com.aptence.qa.testcases.LoginPageTest -->
